d:\visual studio 2015 projects\flocking\flocking\debug\vc140.pdb
d:\visual studio 2015 projects\flocking\flocking\debug\vc140.idb
d:\visual studio 2015 projects\flocking\flocking\debug\main.obj
d:\visual studio 2015 projects\flocking\flocking\debug\vehicle.obj
d:\visual studio 2015 projects\flocking\flocking\debug\myvector.obj
d:\visual studio 2015 projects\flocking\flocking\debug\vehiclesystem.obj
d:\visual studio 2015 projects\flocking\debug\flocking.lib
d:\visual studio 2015 projects\flocking\debug\flocking.exp
d:\visual studio 2015 projects\flocking\debug\flocking.ilk
d:\visual studio 2015 projects\flocking\debug\flocking.exe
d:\visual studio 2015 projects\flocking\debug\flocking.pdb
d:\visual studio 2015 projects\flocking\flocking\debug\flocking.tlog\cl.command.1.tlog
d:\visual studio 2015 projects\flocking\flocking\debug\flocking.tlog\cl.read.1.tlog
d:\visual studio 2015 projects\flocking\flocking\debug\flocking.tlog\cl.write.1.tlog
d:\visual studio 2015 projects\flocking\flocking\debug\flocking.tlog\flocking.write.1u.tlog
d:\visual studio 2015 projects\flocking\flocking\debug\flocking.tlog\link-cvtres.read.1.tlog
d:\visual studio 2015 projects\flocking\flocking\debug\flocking.tlog\link-cvtres.write.1.tlog
d:\visual studio 2015 projects\flocking\flocking\debug\flocking.tlog\link-rc.read.1.tlog
d:\visual studio 2015 projects\flocking\flocking\debug\flocking.tlog\link-rc.write.1.tlog
d:\visual studio 2015 projects\flocking\flocking\debug\flocking.tlog\link.21340-cvtres.read.1.tlog
d:\visual studio 2015 projects\flocking\flocking\debug\flocking.tlog\link.21340-cvtres.write.1.tlog
d:\visual studio 2015 projects\flocking\flocking\debug\flocking.tlog\link.21340-rc.read.1.tlog
d:\visual studio 2015 projects\flocking\flocking\debug\flocking.tlog\link.21340-rc.write.1.tlog
d:\visual studio 2015 projects\flocking\flocking\debug\flocking.tlog\link.21340.read.1.tlog
d:\visual studio 2015 projects\flocking\flocking\debug\flocking.tlog\link.21340.write.1.tlog
d:\visual studio 2015 projects\flocking\flocking\debug\flocking.tlog\link.command.1.tlog
d:\visual studio 2015 projects\flocking\flocking\debug\flocking.tlog\link.read.1.tlog
d:\visual studio 2015 projects\flocking\flocking\debug\flocking.tlog\link.write.1.tlog
